Flow report for TP2_E5
Thu Jun 13 19:11:30 2024
Quartus Prime Version 23.1std.0 Build 991 11/28/2023 SC Lite Edition


---------------------
; Table of Contents ;
---------------------
  1. Legal Notice
  2. Flow Summary
  3. Flow Settings
  4. Flow Non-Default Global Settings
  5. Flow Elapsed Time
  6. Flow OS Summary
  7. Flow Log
  8. Flow Messages
  9. Flow Suppressed Messages



----------------
; Legal Notice ;
----------------
Copyright (C) 2023  Intel Corporation. All rights reserved.
Your use of Intel Corporation's design tools, logic functions 
and other software and tools, and any partner logic 
functions, and any output files from any of the foregoing 
(including device programming or simulation files), and any 
associated documentation or information are expressly subject 
to the terms and conditions of the Intel Program License 
Subscription Agreement, the Intel Quartus Prime License Agreement,
the Intel FPGA IP License Agreement, or other applicable license
agreement, including, without limitation, that your use is for
the sole purpose of programming logic devices manufactured by
Intel and sold by Intel or its authorized distributors.  Please
refer to the applicable agreement for further details, at
https://fpgasoftware.intel.com/eula.



+-------------------------------------------------------------------------------------+
; Flow Summary                                                                        ;
+------------------------------------+------------------------------------------------+
; Flow Status                        ; Successful - Thu Jun 13 19:11:30 2024          ;
; Quartus Prime Version              ; 23.1std.0 Build 991 11/28/2023 SC Lite Edition ;
; Revision Name                      ; TP2_E5                                         ;
; Top-level Entity Name              ; TP2_E5                                         ;
; Family                             ; Cyclone IV E                                   ;
; Device                             ; EP4CE22F17C6                                   ;
; Timing Models                      ; Final                                          ;
; Total logic elements               ; 3,128 / 22,320 ( 14 % )                        ;
;     Total combinational functions  ; 2,772 / 22,320 ( 12 % )                        ;
;     Dedicated logic registers      ; 1,462 / 22,320 ( 7 % )                         ;
; Total registers                    ; 1462                                           ;
; Total pins                         ; 135 / 154 ( 88 % )                             ;
; Total virtual pins                 ; 0                                              ;
; Total memory bits                  ; 24,576 / 608,256 ( 4 % )                       ;
; Embedded Multiplier 9-bit elements ; 0 / 132 ( 0 % )                                ;
; Total PLLs                         ; 0 / 4 ( 0 % )                                  ;
+------------------------------------+------------------------------------------------+


+-----------------------------------------+
; Flow Settings                           ;
+-------------------+---------------------+
; Option            ; Setting             ;
+-------------------+---------------------+
; Start date & time ; 06/13/2024 19:04:55 ;
; Main task         ; Compilation         ;
; Revision Name     ; TP2_E5              ;
+-------------------+---------------------+


+------------------------------------------------------------------------------------------------------------------------------------------------+
; Flow Non-Default Global Settings                                                                                                               ;
+-------------------------------------+----------------------------------------+---------------+-------------+-----------------------------------+
; Assignment Name                     ; Value                                  ; Default Value ; Entity Name ; Section Id                        ;
+-------------------------------------+----------------------------------------+---------------+-------------+-----------------------------------+
; COMPILER_SIGNATURE_ID               ; 31118925993758.171831629516236         ; --            ; --          ; --                                ;
; EDA_GENERATE_FUNCTIONAL_NETLIST     ; Off                                    ; --            ; --          ; eda_board_design_timing           ;
; EDA_GENERATE_FUNCTIONAL_NETLIST     ; Off                                    ; --            ; --          ; eda_board_design_boundary_scan    ;
; EDA_GENERATE_FUNCTIONAL_NETLIST     ; Off                                    ; --            ; --          ; eda_board_design_signal_integrity ;
; EDA_GENERATE_FUNCTIONAL_NETLIST     ; Off                                    ; --            ; --          ; eda_board_design_symbol           ;
; EDA_OUTPUT_DATA_FORMAT              ; Verilog Hdl                            ; --            ; --          ; eda_simulation                    ;
; EDA_SIMULATION_TOOL                 ; Questa Intel FPGA (Verilog)            ; <None>        ; --          ; --                                ;
; EDA_TIME_SCALE                      ; 1 ps                                   ; --            ; --          ; eda_simulation                    ;
; MAX_CORE_JUNCTION_TEMP              ; 85                                     ; --            ; --          ; --                                ;
; MIN_CORE_JUNCTION_TEMP              ; 0                                      ; --            ; --          ; --                                ;
; MISC_FILE                           ; ramA.bsf                               ; --            ; --          ; --                                ;
; MISC_FILE                           ; ramA_bb.v                              ; --            ; --          ; --                                ;
; MISC_FILE                           ; romA.bsf                               ; --            ; --          ; --                                ;
; MISC_FILE                           ; romA_bb.v                              ; --            ; --          ; --                                ;
; NOMINAL_CORE_SUPPLY_VOLTAGE         ; 1.2V                                   ; --            ; --          ; --                                ;
; PARTITION_COLOR                     ; -- (Not supported for targeted family) ; --            ; --          ; Top                               ;
; PARTITION_FITTER_PRESERVATION_LEVEL ; -- (Not supported for targeted family) ; --            ; --          ; Top                               ;
; PARTITION_NETLIST_TYPE              ; -- (Not supported for targeted family) ; --            ; --          ; Top                               ;
; POWER_BOARD_THERMAL_MODEL           ; None (CONSERVATIVE)                    ; --            ; --          ; --                                ;
; POWER_PRESET_COOLING_SOLUTION       ; 23 MM HEAT SINK WITH 200 LFPM AIRFLOW  ; --            ; --          ; --                                ;
; PROJECT_OUTPUT_DIRECTORY            ; output_files                           ; --            ; --          ; --                                ;
+-------------------------------------+----------------------------------------+---------------+-------------+-----------------------------------+


+--------------------------------------------------------------------------------------------------------------------------+
; Flow Elapsed Time                                                                                                        ;
+----------------------+--------------+-------------------------+---------------------+------------------------------------+
; Module Name          ; Elapsed Time ; Average Processors Used ; Peak Virtual Memory ; Total CPU Time (on all processors) ;
+----------------------+--------------+-------------------------+---------------------+------------------------------------+
; Analysis & Synthesis ; 00:00:21     ; 1.0                     ; 4762 MB             ; 00:00:39                           ;
; Fitter               ; 00:00:37     ; 1.0                     ; 5312 MB             ; 00:00:47                           ;
; Assembler            ; 00:00:01     ; 1.0                     ; 4709 MB             ; 00:00:01                           ;
; Timing Analyzer      ; 00:00:05     ; 1.2                     ; 4798 MB             ; 00:00:04                           ;
; EDA Netlist Writer   ; 00:00:01     ; 1.0                     ; 4659 MB             ; 00:00:01                           ;
; EDA Netlist Writer   ; 00:00:00     ; 1.0                     ; 4642 MB             ; 00:00:01                           ;
; EDA Netlist Writer   ; 00:00:04     ; 1.0                     ; 4679 MB             ; 00:00:04                           ;
; Total                ; 00:01:09     ; --                      ; --                  ; 00:01:37                           ;
+----------------------+--------------+-------------------------+---------------------+------------------------------------+


+------------------------------------------------------------------------------------+
; Flow OS Summary                                                                    ;
+----------------------+------------------+------------+------------+----------------+
; Module Name          ; Machine Hostname ; OS Name    ; OS Version ; Processor type ;
+----------------------+------------------+------------+------------+----------------+
; Analysis & Synthesis ; DESKTOP-2BKO3EU  ; Windows 10 ; 10.0       ; x86_64         ;
; Fitter               ; DESKTOP-2BKO3EU  ; Windows 10 ; 10.0       ; x86_64         ;
; Assembler            ; DESKTOP-2BKO3EU  ; Windows 10 ; 10.0       ; x86_64         ;
; Timing Analyzer      ; DESKTOP-2BKO3EU  ; Windows 10 ; 10.0       ; x86_64         ;
; EDA Netlist Writer   ; DESKTOP-2BKO3EU  ; Windows 10 ; 10.0       ; x86_64         ;
; EDA Netlist Writer   ; DESKTOP-2BKO3EU  ; Windows 10 ; 10.0       ; x86_64         ;
; EDA Netlist Writer   ; DESKTOP-2BKO3EU  ; Windows 10 ; 10.0       ; x86_64         ;
+----------------------+------------------+------------+------------+----------------+


------------
; Flow Log ;
------------
quartus_map --read_settings_files=on --write_settings_files=off TP2_E5 -c TP2_E5
quartus_fit --read_settings_files=off --write_settings_files=off TP2_E5 -c TP2_E5
quartus_asm --read_settings_files=off --write_settings_files=off TP2_E5 -c TP2_E5
quartus_sta TP2_E5 -c TP2_E5
quartus_eda --read_settings_files=off --write_settings_files=off TP2_E5 -c TP2_E5
quartus_eda --gen_testbench --tool=modelsim_oem --format=verilog --write_settings_files=off TP2_E5 -c TP2_E5 --vector_source=C:/Users/sebas/Documents/GitHub/TP2-E5/Waveform20.vwf --testbench_file=C:/Users/sebas/Documents/GitHub/TP2-E5/simulation/qsim/Waveform20.vwf.vt
quartus_eda --write_settings_files=off --simulation=on --functional=off --flatten_buses=off --timescale=1ps --tool=modelsim_oem --format=verilog --output_directory=C:/Users/sebas/Documents/GitHub/TP2-E5/simulation/qsim/ TP2_E5 -c TP2_E5



